Job Id: 43476.phantom.psc.edu
    Job_Name = run.sub
    Job_Owner = pivkin@tg-login1.bigben.psc.teragrid.org
    job_state = Q
    queue = batch
    server = phantom.psc.edu
    Checkpoint = u
    ctime = Wed Sep 28 17:26:18 2005
    Error_Path = tg-login1.bigben.psc.teragrid.org:/usr/users/1/pivkin/V300_p0.
	1/TEST2/run.err
    Hold_Types = n
    Join_Path = n
    Keep_Files = n
    Mail_Points = ae
    Mail_Users = piv@cfm.brown.edu
    mtime = Thu Sep 29 15:25:32 2005
    Output_Path = tg-login1.bigben.psc.teragrid.org:/usr/users/1/pivkin/V300_p0
	.1/TEST2/run.out
    Priority = 0
    qtime = Wed Sep 28 17:26:18 2005
    Rerunable = True
    Resource_List.size = 24
    Resource_List.walltime = 03:45:00
    comment = Requested walltime exceeds available for this period.  System dra
	in scheduled for Thu Sep 29 17:50:00 EDT 2005
    etime = Wed Sep 28 17:26:18 2005

Job Id: 43477.phantom.psc.edu
    Job_Name = run.sub
    Job_Owner = pivkin@tg-login1.bigben.psc.teragrid.org
    job_state = Q
    queue = batch
    server = phantom.psc.edu
    Checkpoint = u
    ctime = Wed Sep 28 17:29:03 2005
    Error_Path = tg-login1.bigben.psc.teragrid.org:/usr/users/1/pivkin/V300_p0.
	1/TEST5/run.err
    Hold_Types = n
    Join_Path = n
    Keep_Files = n
    Mail_Points = ae
    Mail_Users = piv@cfm.brown.edu
    mtime = Thu Sep 29 15:25:32 2005
    Output_Path = tg-login1.bigben.psc.teragrid.org:/usr/users/1/pivkin/V300_p0
	.1/TEST5/run.out
    Priority = 0
    qtime = Wed Sep 28 17:29:03 2005
    Rerunable = True
    Resource_List.size = 24
    Resource_List.walltime = 03:45:00
    comment = Requested walltime exceeds available for this period.  System dra
	in scheduled for Thu Sep 29 17:50:00 EDT 2005
    etime = Wed Sep 28 17:29:03 2005

Job Id: 43495.phantom.psc.edu
    Job_Name = run_homeA.pbs
    Job_Owner = gottlieb@tg-login1.bigben.psc.teragrid.org
    job_state = Q
    queue = batch
    server = phantom.psc.edu
    Checkpoint = u
    ctime = Thu Sep 29 00:00:42 2005
    Error_Path = tg-login1.bigben.psc.teragrid.org:/usr/users/0/gottlieb/b708/r
	un_homeA.pbs.e43495
    exec_host = tg-login3.bigben.psc.teragrid.org
    Hold_Types = n
    Join_Path = oe
    Keep_Files = n
    Mail_Points = a
    mtime = Thu Sep 29 15:25:32 2005
    Output_Path = tg-login1.bigben.psc.teragrid.org:/usr/users/0/gottlieb/b708/
	run_homeA.pbs.o43495
    Priority = 0
    qtime = Thu Sep 29 00:00:42 2005
    Rerunable = True
    Resource_List.nid_list = 22..95:152..223:256..351:384..479:512..607:644..73
	5:768..863:896..909:912..915:924..991:1024..1119:1152..1247:1280..1375:
	1412..1503:1536..1631:1664..1759:1792..1887:1920..2015:2048..2111
    Resource_List.size = 1536
    Resource_List.walltime = 04:15:00
    session_id = 7043
    comment = Requested walltime exceeds available for this period.  System dra
	in scheduled for Thu Sep 29 17:50:00 EDT 2005
    etime = Thu Sep 29 00:00:42 2005

Job Id: 43498.phantom.psc.edu
    Job_Name = run_homeA.pbs
    Job_Owner = gottlieb@tg-login2.bigben.psc.teragrid.org
    job_state = Q
    queue = batch
    server = phantom.psc.edu
    Checkpoint = u
    ctime = Thu Sep 29 04:27:03 2005
    Error_Path = tg-login2.bigben.psc.teragrid.org:/usr/users/0/gottlieb/b708/r
	un_homeA.pbs.e43498
    Hold_Types = n
    Join_Path = oe
    Keep_Files = n
    Mail_Points = a
    mtime = Thu Sep 29 15:25:32 2005
    Output_Path = tg-login2.bigben.psc.teragrid.org:/usr/users/0/gottlieb/b708/
	run_homeA.pbs.o43498
    Priority = 0
    qtime = Thu Sep 29 04:27:03 2005
    Rerunable = True
    Resource_List.size = 1536
    Resource_List.walltime = 04:15:00
    comment = Requested walltime exceeds available for this period.  System dra
	in scheduled for Thu Sep 29 17:50:00 EDT 2005
    etime = Thu Sep 29 04:27:03 2005

Job Id: 43538.phantom.psc.edu
    Job_Name = D4bh
    Job_Owner = tiziana@tg-login2.bigben.psc.teragrid.org
    job_state = Q
    queue = batch
    server = phantom.psc.edu
    Checkpoint = u
    ctime = Thu Sep 29 12:31:39 2005
    Error_Path = tg-login2.bigben.psc.teragrid.org:/usr/users/9/tiziana/D4bh/P-
	Gadget2/D4bh.e43538
    Hold_Types = n
    Join_Path = eo
    Keep_Files = n
    Mail_Points = a
    mtime = Thu Sep 29 15:25:32 2005
    Output_Path = tg-login2.bigben.psc.teragrid.org:/usr/users/9/tiziana/D4bh/P
	-Gadget2/D4bh.o43538
    Priority = 0
    qtime = Thu Sep 29 12:31:39 2005
    Rerunable = True
    Resource_List.size = 64
    Resource_List.walltime = 06:00:00
    comment = Requested walltime exceeds available for this period.  System dra
	in scheduled for Thu Sep 29 17:50:00 EDT 2005
    etime = Thu Sep 29 12:31:39 2005

Job Id: 43557.phantom.psc.edu
    Job_Name = run_home.pbs
    Job_Owner = gottlieb@tg-login2.bigben.psc.teragrid.org
    resources_used.cput = 00:00:00
    resources_used.mem = 13216kb
    resources_used.vmem = 28248kb
    resources_used.walltime = 01:55:10
    job_state = R
    queue = batch
    server = phantom.psc.edu
    Checkpoint = u
    ctime = Thu Sep 29 13:28:54 2005
    Error_Path = tg-login2.bigben.psc.teragrid.org:/usr/users/0/gottlieb/b708/r
	un_home.pbs.e43557
    exec_host = tg-login1.bigben.psc.teragrid.org
    Hold_Types = n
    Join_Path = oe
    Keep_Files = n
    Mail_Points = a
    mtime = Thu Sep 29 13:29:25 2005
    Output_Path = tg-login2.bigben.psc.teragrid.org:/usr/users/0/gottlieb/b708/
	run_home.pbs.o43557
    Priority = 0
    qtime = Thu Sep 29 13:28:54 2005
    Rerunable = True
    Resource_List.nid_list = 1440..1503:1536..1631:1664..1759:1792..1887:1920..
	2015:2048..2143:2176..2271:2304..2399:2432..2527:2560..2655:2688..2783
    Resource_List.size = 1024
    Resource_List.walltime = 03:20:00
    session_id = 9840
    comment = Starting job at 09/29/05 13:29
    etime = Thu Sep 29 13:28:54 2005

Job Id: 43570.phantom.psc.edu
    Job_Name = runppm513.sh
    Job_Owner = dporter@tg-login3.bigben.psc.teragrid.org
    resources_used.cput = 00:00:00
    resources_used.mem = 15544kb
    resources_used.vmem = 57744kb
    resources_used.walltime = 01:35:31
    job_state = R
    queue = demo
    server = phantom.psc.edu
    Checkpoint = u
    ctime = Thu Sep 29 13:49:03 2005
    Error_Path = /dev/pts/10
    exec_host = tg-login2.bigben.psc.teragrid.org
    Hold_Types = n
    interactive = True
    Join_Path = n
    Keep_Files = eo
    Mail_Points = a
    mtime = Thu Sep 29 13:49:04 2005
    Output_Path = /dev/pts/10
    Priority = 0
    qtime = Thu Sep 29 13:49:03 2005
    Rerunable = True
    Resource_List.nid_list = 12..95:152..223:256..351:384..479:512..607:644..71
	2
    Resource_List.size = 513
    Resource_List.walltime = 03:00:00
    session_id = 4730
    comment = Starting job at 09/29/05 13:49
    etime = Thu Sep 29 13:49:03 2005

Job Id: 43571.phantom.psc.edu
    Job_Name = lagv.1E
    Job_Owner = pyeung@tg-login1.bigben.psc.teragrid.org
    job_state = Q
    queue = batch
    server = phantom.psc.edu
    Checkpoint = u
    ctime = Thu Sep 29 13:49:23 2005
    Error_Path = tg-login1.bigben.psc.teragrid.org:/lustre/pyeung/lagv.2048/1E.
	1024/stderr.qsub
    Hold_Types = n
    Join_Path = n
    Keep_Files = n
    Mail_Points = abe
    Mail_Users = pk.yeung@ae.gatech.edu
    mtime = Thu Sep 29 15:25:32 2005
    Output_Path = tg-login1.bigben.psc.teragrid.org:/lustre/pyeung/lagv.2048/1E
	.1024/stdout.qsub
    Priority = 0
    qtime = Thu Sep 29 13:49:23 2005
    Rerunable = True
    Resource_List.size = 1024
    Resource_List.walltime = 01:00:00
    comment = Job scheduled to start by Thu Sep 29 16:49:00 EDT 2005
    etime = Thu Sep 29 13:49:23 2005

